<?xml version="1.0" encoding="UTF-8"?>
<!-- Generated by org.testng.reporters.JUnitReportReporter -->
<testsuite hostname="89324dd530bb536" failures="0" tests="1" name="com.myCaseStudy.CaseStudies.SaucedemoPOModel" time="1.677" errors="0" timestamp="2023-09-03T01:40:54 IST" skipped="0">
  <testcase classname="com.myCaseStudy.CaseStudies.SaucedemoPOModel" name="E2EScenario" time="1.677"/>
</testsuite> <!-- com.myCaseStudy.CaseStudies.SaucedemoPOModel -->
