<?xml version="1.0" encoding="UTF-8"?>
<!-- Generated by org.testng.reporters.JUnitReportReporter -->
<testsuite hostname="89324dd530bb536" failures="0" tests="1" name="com.myCaseStudy.CaseStudies.Testing" time="0.503" errors="0" timestamp="2023-09-02T20:14:00 IST" skipped="0">
  <testcase classname="com.myCaseStudy.CaseStudies.Testing" name="othersteps" time="0.503"/>
</testsuite> <!-- com.myCaseStudy.CaseStudies.Testing -->
