<?xml version="1.0" encoding="UTF-8"?>
<!-- Generated by org.testng.reporters.JUnitReportReporter -->
<testsuite hostname="Piyumi-PC" failures="0" tests="1" name="com.myCaseStudy.CaseStudies.AppTest" time="0.010" errors="0" timestamp="2023-09-01T11:57:56 EDT" skipped="0">
  <testcase classname="com.myCaseStudy.CaseStudies.AppTest" name="shouldAnswerWithTrue" time="0.010"/>
</testsuite> <!-- com.myCaseStudy.CaseStudies.AppTest -->
