<?xml version="1.0" encoding="UTF-8"?>
<!-- Generated by org.testng.reporters.JUnitReportReporter -->
<testsuite hostname="89324dd530bb536" failures="0" tests="1" name="com.CaseStudy.CaseStudies.AppTest" time="0.015" errors="0" timestamp="2023-09-01T21:32:22 IST" skipped="0">
  <testcase classname="com.CaseStudy.CaseStudies.AppTest" name="shouldAnswerWithTrue" time="0.015"/>
  <system-out/>
</testsuite> <!-- com.CaseStudy.CaseStudies.AppTest -->
